INFO 2019-05-05 15:06:35,847 views 24128 20404 state_district_tehsil dataframe is ready for states ['CHANDIGARH', 'CHHATTISGARH', 'HARYANA', 'HIMACHAL PRADESH', 'JHARKHAND', 'MAHARASHTRA', 'NCT OF DELHI', 'RAJASTHAN', 'UTTAR PRADESH', 'UTTARAKHAND']
INFO 2019-05-05 15:07:27,530 views 23884 26264 state_district_tehsil dataframe is ready for states ['CHANDIGARH', 'CHHATTISGARH', 'HARYANA', 'HIMACHAL PRADESH', 'JHARKHAND', 'MAHARASHTRA', 'NCT OF DELHI', 'RAJASTHAN', 'UTTAR PRADESH', 'UTTARAKHAND']
INFO 2019-05-05 15:07:58,784 views 24752 23920 state_district_tehsil dataframe is ready for states ['CHANDIGARH', 'CHHATTISGARH', 'HARYANA', 'HIMACHAL PRADESH', 'JHARKHAND', 'MAHARASHTRA', 'NCT OF DELHI', 'RAJASTHAN', 'UTTAR PRADESH', 'UTTARAKHAND']
ERROR 2019-05-05 15:08:59,726 views 24752 5832 generate OTP API failed: name 'AUTH_KEY' is not defined
INFO 2019-05-05 15:10:34,529 views 26024 10912 state_district_tehsil dataframe is ready for states ['CHANDIGARH', 'CHHATTISGARH', 'HARYANA', 'HIMACHAL PRADESH', 'JHARKHAND', 'MAHARASHTRA', 'NCT OF DELHI', 'RAJASTHAN', 'UTTAR PRADESH', 'UTTARAKHAND']
INFO 2019-05-05 15:11:01,816 views 19768 25992 state_district_tehsil dataframe is ready for states ['CHANDIGARH', 'CHHATTISGARH', 'HARYANA', 'HIMACHAL PRADESH', 'JHARKHAND', 'MAHARASHTRA', 'NCT OF DELHI', 'RAJASTHAN', 'UTTAR PRADESH', 'UTTARAKHAND']
INFO 2019-05-05 15:11:16,157 views 19472 19384 state_district_tehsil dataframe is ready for states ['CHANDIGARH', 'CHHATTISGARH', 'HARYANA', 'HIMACHAL PRADESH', 'JHARKHAND', 'MAHARASHTRA', 'NCT OF DELHI', 'RAJASTHAN', 'UTTAR PRADESH', 'UTTARAKHAND']
INFO 2019-05-05 15:11:22,770 views 19472 24252 OTP succesfully sent : 9990380315
WARNING 2019-05-05 15:12:11,329 views 19472 24252 OTP verification failed : 9990380315,invalid_otp
INFO 2019-05-05 15:12:22,711 views 19472 24252 OTP succesfully verified and user exist: 9990380315
INFO 2019-05-09 22:30:39,721 views 21496 24828 state_district_tehsil dataframe is ready for states ['CHANDIGARH', 'CHHATTISGARH', 'HARYANA', 'HIMACHAL PRADESH', 'JHARKHAND', 'MAHARASHTRA', 'NCT OF DELHI', 'RAJASTHAN', 'UTTAR PRADESH', 'UTTARAKHAND']
INFO 2019-05-17 23:22:19,399 views 45188 44124 state_district_tehsil dataframe is ready for states ['CHANDIGARH', 'CHHATTISGARH', 'HARYANA', 'HIMACHAL PRADESH', 'JHARKHAND', 'MAHARASHTRA', 'NCT OF DELHI', 'RAJASTHAN', 'UTTAR PRADESH', 'UTTARAKHAND']
INFO 2019-05-17 23:22:30,803 views 44948 39076 state_district_tehsil dataframe is ready for states ['CHANDIGARH', 'CHHATTISGARH', 'HARYANA', 'HIMACHAL PRADESH', 'JHARKHAND', 'MAHARASHTRA', 'NCT OF DELHI', 'RAJASTHAN', 'UTTAR PRADESH', 'UTTARAKHAND']
INFO 2019-05-17 23:41:17,685 views 33652 45740 state_district_tehsil dataframe is ready for states ['CHANDIGARH', 'CHHATTISGARH', 'HARYANA', 'HIMACHAL PRADESH', 'JHARKHAND', 'MAHARASHTRA', 'NCT OF DELHI', 'RAJASTHAN', 'UTTAR PRADESH', 'UTTARAKHAND']
INFO 2019-05-17 23:43:19,811 views 30288 30248 state_district_tehsil dataframe is ready for states ['CHANDIGARH', 'CHHATTISGARH', 'HARYANA', 'HIMACHAL PRADESH', 'JHARKHAND', 'MAHARASHTRA', 'NCT OF DELHI', 'RAJASTHAN', 'UTTAR PRADESH', 'UTTARAKHAND']
INFO 2019-05-17 23:43:54,469 views 38092 38472 state_district_tehsil dataframe is ready for states ['CHANDIGARH', 'CHHATTISGARH', 'HARYANA', 'HIMACHAL PRADESH', 'JHARKHAND', 'MAHARASHTRA', 'NCT OF DELHI', 'RAJASTHAN', 'UTTAR PRADESH', 'UTTARAKHAND']
INFO 2019-05-17 23:44:40,071 views 37460 46732 state_district_tehsil dataframe is ready for states ['CHANDIGARH', 'CHHATTISGARH', 'HARYANA', 'HIMACHAL PRADESH', 'JHARKHAND', 'MAHARASHTRA', 'NCT OF DELHI', 'RAJASTHAN', 'UTTAR PRADESH', 'UTTARAKHAND']
INFO 2019-05-17 23:47:02,026 views 29512 44008 state_district_tehsil dataframe is ready for states ['CHANDIGARH', 'CHHATTISGARH', 'HARYANA', 'HIMACHAL PRADESH', 'JHARKHAND', 'MAHARASHTRA', 'NCT OF DELHI', 'RAJASTHAN', 'UTTAR PRADESH', 'UTTARAKHAND']
INFO 2019-05-17 23:48:01,187 views 22288 7756 state_district_tehsil dataframe is ready for states ['CHANDIGARH', 'CHHATTISGARH', 'HARYANA', 'HIMACHAL PRADESH', 'JHARKHAND', 'MAHARASHTRA', 'NCT OF DELHI', 'RAJASTHAN', 'UTTAR PRADESH', 'UTTARAKHAND']
INFO 2019-05-17 23:48:19,707 views 41736 41572 state_district_tehsil dataframe is ready for states ['CHANDIGARH', 'CHHATTISGARH', 'HARYANA', 'HIMACHAL PRADESH', 'JHARKHAND', 'MAHARASHTRA', 'NCT OF DELHI', 'RAJASTHAN', 'UTTAR PRADESH', 'UTTARAKHAND']
INFO 2019-05-17 23:48:47,575 views 46268 39752 state_district_tehsil dataframe is ready for states ['CHANDIGARH', 'CHHATTISGARH', 'HARYANA', 'HIMACHAL PRADESH', 'JHARKHAND', 'MAHARASHTRA', 'NCT OF DELHI', 'RAJASTHAN', 'UTTAR PRADESH', 'UTTARAKHAND']
INFO 2019-05-17 23:49:03,302 views 39888 47776 state_district_tehsil dataframe is ready for states ['CHANDIGARH', 'CHHATTISGARH', 'HARYANA', 'HIMACHAL PRADESH', 'JHARKHAND', 'MAHARASHTRA', 'NCT OF DELHI', 'RAJASTHAN', 'UTTAR PRADESH', 'UTTARAKHAND']
INFO 2019-05-17 23:50:15,484 views 43572 45648 state_district_tehsil dataframe is ready for states ['CHANDIGARH', 'CHHATTISGARH', 'HARYANA', 'HIMACHAL PRADESH', 'JHARKHAND', 'MAHARASHTRA', 'NCT OF DELHI', 'RAJASTHAN', 'UTTAR PRADESH', 'UTTARAKHAND']
INFO 2019-05-18 00:01:23,651 views 44192 43640 state_district_tehsil dataframe is ready for states ['CHANDIGARH', 'CHHATTISGARH', 'HARYANA', 'HIMACHAL PRADESH', 'JHARKHAND', 'MAHARASHTRA', 'NCT OF DELHI', 'RAJASTHAN', 'UTTAR PRADESH', 'UTTARAKHAND']
INFO 2019-05-18 00:02:13,667 views 8608 31352 state_district_tehsil dataframe is ready for states ['CHANDIGARH', 'CHHATTISGARH', 'HARYANA', 'HIMACHAL PRADESH', 'JHARKHAND', 'MAHARASHTRA', 'NCT OF DELHI', 'RAJASTHAN', 'UTTAR PRADESH', 'UTTARAKHAND']
INFO 2019-05-18 00:03:26,400 views 35080 43124 state_district_tehsil dataframe is ready for states ['CHANDIGARH', 'CHHATTISGARH', 'HARYANA', 'HIMACHAL PRADESH', 'JHARKHAND', 'MAHARASHTRA', 'NCT OF DELHI', 'RAJASTHAN', 'UTTAR PRADESH', 'UTTARAKHAND']
INFO 2019-05-18 00:04:05,399 views 35604 6732 state_district_tehsil dataframe is ready for states ['CHANDIGARH', 'CHHATTISGARH', 'HARYANA', 'HIMACHAL PRADESH', 'JHARKHAND', 'MAHARASHTRA', 'NCT OF DELHI', 'RAJASTHAN', 'UTTAR PRADESH', 'UTTARAKHAND']
INFO 2019-05-18 00:04:10,396 views 42100 25496 state_district_tehsil dataframe is ready for states ['CHANDIGARH', 'CHHATTISGARH', 'HARYANA', 'HIMACHAL PRADESH', 'JHARKHAND', 'MAHARASHTRA', 'NCT OF DELHI', 'RAJASTHAN', 'UTTAR PRADESH', 'UTTARAKHAND']
INFO 2019-05-18 00:06:07,863 views 39692 22172 state_district_tehsil dataframe is ready for states ['CHANDIGARH', 'CHHATTISGARH', 'HARYANA', 'HIMACHAL PRADESH', 'JHARKHAND', 'MAHARASHTRA', 'NCT OF DELHI', 'RAJASTHAN', 'UTTAR PRADESH', 'UTTARAKHAND']
INFO 2019-05-18 00:06:57,445 views 36468 37828 state_district_tehsil dataframe is ready for states ['CHANDIGARH', 'CHHATTISGARH', 'HARYANA', 'HIMACHAL PRADESH', 'JHARKHAND', 'MAHARASHTRA', 'NCT OF DELHI', 'RAJASTHAN', 'UTTAR PRADESH', 'UTTARAKHAND']
INFO 2019-05-18 00:07:14,583 views 47796 46452 state_district_tehsil dataframe is ready for states ['CHANDIGARH', 'CHHATTISGARH', 'HARYANA', 'HIMACHAL PRADESH', 'JHARKHAND', 'MAHARASHTRA', 'NCT OF DELHI', 'RAJASTHAN', 'UTTAR PRADESH', 'UTTARAKHAND']
INFO 2019-05-18 00:07:47,796 views 22288 7756 state_district_tehsil dataframe is ready for states ['CHANDIGARH', 'CHHATTISGARH', 'HARYANA', 'HIMACHAL PRADESH', 'JHARKHAND', 'MAHARASHTRA', 'NCT OF DELHI', 'RAJASTHAN', 'UTTAR PRADESH', 'UTTARAKHAND']
INFO 2019-05-18 00:08:30,716 views 39112 29552 state_district_tehsil dataframe is ready for states ['CHANDIGARH', 'CHHATTISGARH', 'HARYANA', 'HIMACHAL PRADESH', 'JHARKHAND', 'MAHARASHTRA', 'NCT OF DELHI', 'RAJASTHAN', 'UTTAR PRADESH', 'UTTARAKHAND']
INFO 2019-05-18 00:08:41,234 views 32092 26948 state_district_tehsil dataframe is ready for states ['CHANDIGARH', 'CHHATTISGARH', 'HARYANA', 'HIMACHAL PRADESH', 'JHARKHAND', 'MAHARASHTRA', 'NCT OF DELHI', 'RAJASTHAN', 'UTTAR PRADESH', 'UTTARAKHAND']
INFO 2019-05-18 00:09:03,842 views 46300 43040 state_district_tehsil dataframe is ready for states ['CHANDIGARH', 'CHHATTISGARH', 'HARYANA', 'HIMACHAL PRADESH', 'JHARKHAND', 'MAHARASHTRA', 'NCT OF DELHI', 'RAJASTHAN', 'UTTAR PRADESH', 'UTTARAKHAND']
INFO 2019-05-18 00:12:13,757 views 34820 37636 state_district_tehsil dataframe is ready for states ['CHANDIGARH', 'CHHATTISGARH', 'HARYANA', 'HIMACHAL PRADESH', 'JHARKHAND', 'MAHARASHTRA', 'NCT OF DELHI', 'RAJASTHAN', 'UTTAR PRADESH', 'UTTARAKHAND']
INFO 2019-05-18 00:13:03,098 views 25496 42100 state_district_tehsil dataframe is ready for states ['CHANDIGARH', 'CHHATTISGARH', 'HARYANA', 'HIMACHAL PRADESH', 'JHARKHAND', 'MAHARASHTRA', 'NCT OF DELHI', 'RAJASTHAN', 'UTTAR PRADESH', 'UTTARAKHAND']
INFO 2019-05-18 00:13:58,765 views 45248 46972 state_district_tehsil dataframe is ready for states ['CHANDIGARH', 'CHHATTISGARH', 'HARYANA', 'HIMACHAL PRADESH', 'JHARKHAND', 'MAHARASHTRA', 'NCT OF DELHI', 'RAJASTHAN', 'UTTAR PRADESH', 'UTTARAKHAND']
INFO 2019-05-18 00:14:07,802 views 42516 46360 state_district_tehsil dataframe is ready for states ['CHANDIGARH', 'CHHATTISGARH', 'HARYANA', 'HIMACHAL PRADESH', 'JHARKHAND', 'MAHARASHTRA', 'NCT OF DELHI', 'RAJASTHAN', 'UTTAR PRADESH', 'UTTARAKHAND']
INFO 2019-05-18 00:20:34,642 views 42916 40944 state_district_tehsil dataframe is ready for states ['CHANDIGARH', 'CHHATTISGARH', 'HARYANA', 'HIMACHAL PRADESH', 'JHARKHAND', 'MAHARASHTRA', 'NCT OF DELHI', 'RAJASTHAN', 'UTTAR PRADESH', 'UTTARAKHAND']
INFO 2019-05-18 00:20:48,077 views 37556 38764 state_district_tehsil dataframe is ready for states ['CHANDIGARH', 'CHHATTISGARH', 'HARYANA', 'HIMACHAL PRADESH', 'JHARKHAND', 'MAHARASHTRA', 'NCT OF DELHI', 'RAJASTHAN', 'UTTAR PRADESH', 'UTTARAKHAND']
INFO 2019-05-18 00:22:25,479 views 44880 46140 state_district_tehsil dataframe is ready for states ['CHANDIGARH', 'CHHATTISGARH', 'HARYANA', 'HIMACHAL PRADESH', 'JHARKHAND', 'MAHARASHTRA', 'NCT OF DELHI', 'RAJASTHAN', 'UTTAR PRADESH', 'UTTARAKHAND']
INFO 2019-05-18 00:22:38,326 views 33988 20432 state_district_tehsil dataframe is ready for states ['CHANDIGARH', 'CHHATTISGARH', 'HARYANA', 'HIMACHAL PRADESH', 'JHARKHAND', 'MAHARASHTRA', 'NCT OF DELHI', 'RAJASTHAN', 'UTTAR PRADESH', 'UTTARAKHAND']
INFO 2019-05-18 00:23:33,103 views 47752 36532 state_district_tehsil dataframe is ready for states ['CHANDIGARH', 'CHHATTISGARH', 'HARYANA', 'HIMACHAL PRADESH', 'JHARKHAND', 'MAHARASHTRA', 'NCT OF DELHI', 'RAJASTHAN', 'UTTAR PRADESH', 'UTTARAKHAND']
INFO 2019-05-18 00:24:12,382 views 47888 46516 state_district_tehsil dataframe is ready for states ['CHANDIGARH', 'CHHATTISGARH', 'HARYANA', 'HIMACHAL PRADESH', 'JHARKHAND', 'MAHARASHTRA', 'NCT OF DELHI', 'RAJASTHAN', 'UTTAR PRADESH', 'UTTARAKHAND']
INFO 2019-05-18 00:25:37,030 views 42700 43068 state_district_tehsil dataframe is ready for states ['CHANDIGARH', 'CHHATTISGARH', 'HARYANA', 'HIMACHAL PRADESH', 'JHARKHAND', 'MAHARASHTRA', 'NCT OF DELHI', 'RAJASTHAN', 'UTTAR PRADESH', 'UTTARAKHAND']
INFO 2019-05-18 00:26:07,011 views 40692 45992 state_district_tehsil dataframe is ready for states ['CHANDIGARH', 'CHHATTISGARH', 'HARYANA', 'HIMACHAL PRADESH', 'JHARKHAND', 'MAHARASHTRA', 'NCT OF DELHI', 'RAJASTHAN', 'UTTAR PRADESH', 'UTTARAKHAND']
INFO 2019-05-18 00:38:17,337 views 35088 45152 state_district_tehsil dataframe is ready for states ['CHANDIGARH', 'CHHATTISGARH', 'HARYANA', 'HIMACHAL PRADESH', 'JHARKHAND', 'MAHARASHTRA', 'NCT OF DELHI', 'RAJASTHAN', 'UTTAR PRADESH', 'UTTARAKHAND']
INFO 2019-05-18 00:39:08,658 views 22708 47164 state_district_tehsil dataframe is ready for states ['CHANDIGARH', 'CHHATTISGARH', 'HARYANA', 'HIMACHAL PRADESH', 'JHARKHAND', 'MAHARASHTRA', 'NCT OF DELHI', 'RAJASTHAN', 'UTTAR PRADESH', 'UTTARAKHAND']
INFO 2019-05-18 00:40:12,367 views 37668 42556 state_district_tehsil dataframe is ready for states ['CHANDIGARH', 'CHHATTISGARH', 'HARYANA', 'HIMACHAL PRADESH', 'JHARKHAND', 'MAHARASHTRA', 'NCT OF DELHI', 'RAJASTHAN', 'UTTAR PRADESH', 'UTTARAKHAND']
INFO 2019-05-18 00:41:14,635 views 30736 45956 state_district_tehsil dataframe is ready for states ['CHANDIGARH', 'CHHATTISGARH', 'HARYANA', 'HIMACHAL PRADESH', 'JHARKHAND', 'MAHARASHTRA', 'NCT OF DELHI', 'RAJASTHAN', 'UTTAR PRADESH', 'UTTARAKHAND']
INFO 2019-05-18 00:41:34,432 views 35976 38152 state_district_tehsil dataframe is ready for states ['CHANDIGARH', 'CHHATTISGARH', 'HARYANA', 'HIMACHAL PRADESH', 'JHARKHAND', 'MAHARASHTRA', 'NCT OF DELHI', 'RAJASTHAN', 'UTTAR PRADESH', 'UTTARAKHAND']
INFO 2019-05-18 00:45:19,432 views 43508 16956 state_district_tehsil dataframe is ready for states ['CHANDIGARH', 'CHHATTISGARH', 'HARYANA', 'HIMACHAL PRADESH', 'JHARKHAND', 'MAHARASHTRA', 'NCT OF DELHI', 'RAJASTHAN', 'UTTAR PRADESH', 'UTTARAKHAND']
INFO 2019-05-18 00:45:46,519 views 47140 45496 state_district_tehsil dataframe is ready for states ['CHANDIGARH', 'CHHATTISGARH', 'HARYANA', 'HIMACHAL PRADESH', 'JHARKHAND', 'MAHARASHTRA', 'NCT OF DELHI', 'RAJASTHAN', 'UTTAR PRADESH', 'UTTARAKHAND']
INFO 2019-05-18 00:46:43,134 views 44980 36648 state_district_tehsil dataframe is ready for states ['CHANDIGARH', 'CHHATTISGARH', 'HARYANA', 'HIMACHAL PRADESH', 'JHARKHAND', 'MAHARASHTRA', 'NCT OF DELHI', 'RAJASTHAN', 'UTTAR PRADESH', 'UTTARAKHAND']
INFO 2019-05-18 00:47:03,029 views 43996 45064 state_district_tehsil dataframe is ready for states ['CHANDIGARH', 'CHHATTISGARH', 'HARYANA', 'HIMACHAL PRADESH', 'JHARKHAND', 'MAHARASHTRA', 'NCT OF DELHI', 'RAJASTHAN', 'UTTAR PRADESH', 'UTTARAKHAND']
INFO 2019-05-18 00:47:17,914 views 39124 43240 state_district_tehsil dataframe is ready for states ['CHANDIGARH', 'CHHATTISGARH', 'HARYANA', 'HIMACHAL PRADESH', 'JHARKHAND', 'MAHARASHTRA', 'NCT OF DELHI', 'RAJASTHAN', 'UTTAR PRADESH', 'UTTARAKHAND']
INFO 2019-05-18 00:51:32,258 views 9648 46768 state_district_tehsil dataframe is ready for states ['CHANDIGARH', 'CHHATTISGARH', 'HARYANA', 'HIMACHAL PRADESH', 'JHARKHAND', 'MAHARASHTRA', 'NCT OF DELHI', 'RAJASTHAN', 'UTTAR PRADESH', 'UTTARAKHAND']
INFO 2019-05-18 18:27:11,646 views 45612 22204 state_district_tehsil dataframe is ready for states ['CHANDIGARH', 'CHHATTISGARH', 'HARYANA', 'HIMACHAL PRADESH', 'JHARKHAND', 'MAHARASHTRA', 'NCT OF DELHI', 'RAJASTHAN', 'UTTAR PRADESH', 'UTTARAKHAND']
INFO 2019-05-18 18:27:11,806 views 45612 49808 state_district_tehsil dataframe is ready for states ['CHANDIGARH', 'CHHATTISGARH', 'HARYANA', 'HIMACHAL PRADESH', 'JHARKHAND', 'MAHARASHTRA', 'NCT OF DELHI', 'RAJASTHAN', 'UTTAR PRADESH', 'UTTARAKHAND']
INFO 2019-05-18 18:28:14,706 views 47984 36716 state_district_tehsil dataframe is ready for states ['CHANDIGARH', 'CHHATTISGARH', 'HARYANA', 'HIMACHAL PRADESH', 'JHARKHAND', 'MAHARASHTRA', 'NCT OF DELHI', 'RAJASTHAN', 'UTTAR PRADESH', 'UTTARAKHAND']
INFO 2019-05-18 18:29:38,328 views 37468 49004 state_district_tehsil dataframe is ready for states ['CHANDIGARH', 'CHHATTISGARH', 'HARYANA', 'HIMACHAL PRADESH', 'JHARKHAND', 'MAHARASHTRA', 'NCT OF DELHI', 'RAJASTHAN', 'UTTAR PRADESH', 'UTTARAKHAND']
INFO 2019-05-18 18:31:02,273 views 49340 40788 state_district_tehsil dataframe is ready for states ['CHANDIGARH', 'CHHATTISGARH', 'HARYANA', 'HIMACHAL PRADESH', 'JHARKHAND', 'MAHARASHTRA', 'NCT OF DELHI', 'RAJASTHAN', 'UTTAR PRADESH', 'UTTARAKHAND']
INFO 2019-05-18 18:31:24,914 views 37424 49068 state_district_tehsil dataframe is ready for states ['CHANDIGARH', 'CHHATTISGARH', 'HARYANA', 'HIMACHAL PRADESH', 'JHARKHAND', 'MAHARASHTRA', 'NCT OF DELHI', 'RAJASTHAN', 'UTTAR PRADESH', 'UTTARAKHAND']
INFO 2019-05-18 18:34:22,972 views 45124 51108 state_district_tehsil dataframe is ready for states ['CHANDIGARH', 'CHHATTISGARH', 'HARYANA', 'HIMACHAL PRADESH', 'JHARKHAND', 'MAHARASHTRA', 'NCT OF DELHI', 'RAJASTHAN', 'UTTAR PRADESH', 'UTTARAKHAND']
INFO 2019-05-18 18:37:00,837 views 44992 50904 state_district_tehsil dataframe is ready for states ['CHANDIGARH', 'CHHATTISGARH', 'HARYANA', 'HIMACHAL PRADESH', 'JHARKHAND', 'MAHARASHTRA', 'NCT OF DELHI', 'RAJASTHAN', 'UTTAR PRADESH', 'UTTARAKHAND']
INFO 2019-05-18 18:55:24,279 views 48464 48084 state_district_tehsil dataframe is ready for states ['CHANDIGARH', 'CHHATTISGARH', 'HARYANA', 'HIMACHAL PRADESH', 'JHARKHAND', 'MAHARASHTRA', 'NCT OF DELHI', 'RAJASTHAN', 'UTTAR PRADESH', 'UTTARAKHAND']
INFO 2019-05-18 18:56:16,880 views 28768 50128 state_district_tehsil dataframe is ready for states ['CHANDIGARH', 'CHHATTISGARH', 'HARYANA', 'HIMACHAL PRADESH', 'JHARKHAND', 'MAHARASHTRA', 'NCT OF DELHI', 'RAJASTHAN', 'UTTAR PRADESH', 'UTTARAKHAND']
INFO 2019-05-18 18:58:21,365 views 42988 42572 state_district_tehsil dataframe is ready for states ['CHANDIGARH', 'CHHATTISGARH', 'HARYANA', 'HIMACHAL PRADESH', 'JHARKHAND', 'MAHARASHTRA', 'NCT OF DELHI', 'RAJASTHAN', 'UTTAR PRADESH', 'UTTARAKHAND']
INFO 2019-05-18 19:02:22,731 views 51656 51696 state_district_tehsil dataframe is ready for states ['CHANDIGARH', 'CHHATTISGARH', 'HARYANA', 'HIMACHAL PRADESH', 'JHARKHAND', 'MAHARASHTRA', 'NCT OF DELHI', 'RAJASTHAN', 'UTTAR PRADESH', 'UTTARAKHAND']
INFO 2019-05-18 19:04:24,551 views 52116 51368 state_district_tehsil dataframe is ready for states ['CHANDIGARH', 'CHHATTISGARH', 'HARYANA', 'HIMACHAL PRADESH', 'JHARKHAND', 'MAHARASHTRA', 'NCT OF DELHI', 'RAJASTHAN', 'UTTAR PRADESH', 'UTTARAKHAND']
INFO 2019-05-18 19:05:40,406 views 51872 51880 state_district_tehsil dataframe is ready for states ['CHANDIGARH', 'CHHATTISGARH', 'HARYANA', 'HIMACHAL PRADESH', 'JHARKHAND', 'MAHARASHTRA', 'NCT OF DELHI', 'RAJASTHAN', 'UTTAR PRADESH', 'UTTARAKHAND']
INFO 2019-05-18 19:06:39,785 views 38940 50872 state_district_tehsil dataframe is ready for states ['CHANDIGARH', 'CHHATTISGARH', 'HARYANA', 'HIMACHAL PRADESH', 'JHARKHAND', 'MAHARASHTRA', 'NCT OF DELHI', 'RAJASTHAN', 'UTTAR PRADESH', 'UTTARAKHAND']
INFO 2019-05-18 19:06:43,310 views 48576 36984 state_district_tehsil dataframe is ready for states ['CHANDIGARH', 'CHHATTISGARH', 'HARYANA', 'HIMACHAL PRADESH', 'JHARKHAND', 'MAHARASHTRA', 'NCT OF DELHI', 'RAJASTHAN', 'UTTAR PRADESH', 'UTTARAKHAND']
INFO 2019-05-18 19:08:04,259 views 51388 22052 state_district_tehsil dataframe is ready for states ['CHANDIGARH', 'CHHATTISGARH', 'HARYANA', 'HIMACHAL PRADESH', 'JHARKHAND', 'MAHARASHTRA', 'NCT OF DELHI', 'RAJASTHAN', 'UTTAR PRADESH', 'UTTARAKHAND']
INFO 2019-05-18 19:10:17,248 views 42804 51204 state_district_tehsil dataframe is ready for states ['CHANDIGARH', 'CHHATTISGARH', 'HARYANA', 'HIMACHAL PRADESH', 'JHARKHAND', 'MAHARASHTRA', 'NCT OF DELHI', 'RAJASTHAN', 'UTTAR PRADESH', 'UTTARAKHAND']
INFO 2019-05-18 19:12:16,894 views 33912 38648 state_district_tehsil dataframe is ready for states ['CHANDIGARH', 'CHHATTISGARH', 'HARYANA', 'HIMACHAL PRADESH', 'JHARKHAND', 'MAHARASHTRA', 'NCT OF DELHI', 'RAJASTHAN', 'UTTAR PRADESH', 'UTTARAKHAND']
INFO 2019-05-18 19:14:54,300 views 38236 51420 state_district_tehsil dataframe is ready for states ['CHANDIGARH', 'CHHATTISGARH', 'HARYANA', 'HIMACHAL PRADESH', 'JHARKHAND', 'MAHARASHTRA', 'NCT OF DELHI', 'RAJASTHAN', 'UTTAR PRADESH', 'UTTARAKHAND']
INFO 2019-05-18 19:21:54,088 views 52104 10348 state_district_tehsil dataframe is ready for states ['CHANDIGARH', 'CHHATTISGARH', 'HARYANA', 'HIMACHAL PRADESH', 'JHARKHAND', 'MAHARASHTRA', 'NCT OF DELHI', 'RAJASTHAN', 'UTTAR PRADESH', 'UTTARAKHAND']
INFO 2019-05-18 19:22:10,272 views 52124 49456 state_district_tehsil dataframe is ready for states ['CHANDIGARH', 'CHHATTISGARH', 'HARYANA', 'HIMACHAL PRADESH', 'JHARKHAND', 'MAHARASHTRA', 'NCT OF DELHI', 'RAJASTHAN', 'UTTAR PRADESH', 'UTTARAKHAND']
INFO 2019-05-18 19:22:53,180 views 50048 45228 state_district_tehsil dataframe is ready for states ['CHANDIGARH', 'CHHATTISGARH', 'HARYANA', 'HIMACHAL PRADESH', 'JHARKHAND', 'MAHARASHTRA', 'NCT OF DELHI', 'RAJASTHAN', 'UTTAR PRADESH', 'UTTARAKHAND']
INFO 2019-05-18 19:23:31,108 views 46372 51696 state_district_tehsil dataframe is ready for states ['CHANDIGARH', 'CHHATTISGARH', 'HARYANA', 'HIMACHAL PRADESH', 'JHARKHAND', 'MAHARASHTRA', 'NCT OF DELHI', 'RAJASTHAN', 'UTTAR PRADESH', 'UTTARAKHAND']
INFO 2019-05-18 19:25:44,698 views 46664 29600 state_district_tehsil dataframe is ready for states ['CHANDIGARH', 'CHHATTISGARH', 'HARYANA', 'HIMACHAL PRADESH', 'JHARKHAND', 'MAHARASHTRA', 'NCT OF DELHI', 'RAJASTHAN', 'UTTAR PRADESH', 'UTTARAKHAND']
INFO 2019-05-18 19:26:06,171 views 50348 51536 state_district_tehsil dataframe is ready for states ['CHANDIGARH', 'CHHATTISGARH', 'HARYANA', 'HIMACHAL PRADESH', 'JHARKHAND', 'MAHARASHTRA', 'NCT OF DELHI', 'RAJASTHAN', 'UTTAR PRADESH', 'UTTARAKHAND']
INFO 2019-05-18 19:27:39,354 views 49092 32548 state_district_tehsil dataframe is ready for states ['CHANDIGARH', 'CHHATTISGARH', 'HARYANA', 'HIMACHAL PRADESH', 'JHARKHAND', 'MAHARASHTRA', 'NCT OF DELHI', 'RAJASTHAN', 'UTTAR PRADESH', 'UTTARAKHAND']
INFO 2019-05-18 19:27:56,748 views 37520 48384 state_district_tehsil dataframe is ready for states ['CHANDIGARH', 'CHHATTISGARH', 'HARYANA', 'HIMACHAL PRADESH', 'JHARKHAND', 'MAHARASHTRA', 'NCT OF DELHI', 'RAJASTHAN', 'UTTAR PRADESH', 'UTTARAKHAND']
INFO 2019-05-18 19:28:45,235 views 15048 50524 state_district_tehsil dataframe is ready for states ['CHANDIGARH', 'CHHATTISGARH', 'HARYANA', 'HIMACHAL PRADESH', 'JHARKHAND', 'MAHARASHTRA', 'NCT OF DELHI', 'RAJASTHAN', 'UTTAR PRADESH', 'UTTARAKHAND']
INFO 2019-05-18 19:30:23,680 views 42668 47536 state_district_tehsil dataframe is ready for states ['CHANDIGARH', 'CHHATTISGARH', 'HARYANA', 'HIMACHAL PRADESH', 'JHARKHAND', 'MAHARASHTRA', 'NCT OF DELHI', 'RAJASTHAN', 'UTTAR PRADESH', 'UTTARAKHAND']
INFO 2019-05-18 19:32:15,299 views 47372 39160 state_district_tehsil dataframe is ready for states ['CHANDIGARH', 'CHHATTISGARH', 'HARYANA', 'HIMACHAL PRADESH', 'JHARKHAND', 'MAHARASHTRA', 'NCT OF DELHI', 'RAJASTHAN', 'UTTAR PRADESH', 'UTTARAKHAND']
INFO 2019-05-18 19:33:41,503 views 24932 45408 state_district_tehsil dataframe is ready for states ['CHANDIGARH', 'CHHATTISGARH', 'HARYANA', 'HIMACHAL PRADESH', 'JHARKHAND', 'MAHARASHTRA', 'NCT OF DELHI', 'RAJASTHAN', 'UTTAR PRADESH', 'UTTARAKHAND']
INFO 2019-05-18 19:34:13,207 views 42012 52012 state_district_tehsil dataframe is ready for states ['CHANDIGARH', 'CHHATTISGARH', 'HARYANA', 'HIMACHAL PRADESH', 'JHARKHAND', 'MAHARASHTRA', 'NCT OF DELHI', 'RAJASTHAN', 'UTTAR PRADESH', 'UTTARAKHAND']
INFO 2019-05-18 19:40:09,287 views 51528 43776 state_district_tehsil dataframe is ready for states ['CHANDIGARH', 'CHHATTISGARH', 'HARYANA', 'HIMACHAL PRADESH', 'JHARKHAND', 'MAHARASHTRA', 'NCT OF DELHI', 'RAJASTHAN', 'UTTAR PRADESH', 'UTTARAKHAND']
INFO 2019-05-18 19:43:15,957 views 41096 42804 state_district_tehsil dataframe is ready for states ['CHANDIGARH', 'CHHATTISGARH', 'HARYANA', 'HIMACHAL PRADESH', 'JHARKHAND', 'MAHARASHTRA', 'NCT OF DELHI', 'RAJASTHAN', 'UTTAR PRADESH', 'UTTARAKHAND']
INFO 2019-05-18 19:45:20,002 views 51468 46724 state_district_tehsil dataframe is ready for states ['CHANDIGARH', 'CHHATTISGARH', 'HARYANA', 'HIMACHAL PRADESH', 'JHARKHAND', 'MAHARASHTRA', 'NCT OF DELHI', 'RAJASTHAN', 'UTTAR PRADESH', 'UTTARAKHAND']
INFO 2019-05-19 22:02:56,022 views 13636 18872 state_district_tehsil dataframe is ready for states ['CHANDIGARH', 'CHHATTISGARH', 'HARYANA', 'HIMACHAL PRADESH', 'JHARKHAND', 'MAHARASHTRA', 'NCT OF DELHI', 'RAJASTHAN', 'UTTAR PRADESH', 'UTTARAKHAND']
INFO 2019-05-19 22:15:13,851 views 16524 18388 state_district_tehsil dataframe is ready for states ['CHANDIGARH', 'CHHATTISGARH', 'HARYANA', 'HIMACHAL PRADESH', 'JHARKHAND', 'MAHARASHTRA', 'NCT OF DELHI', 'RAJASTHAN', 'UTTAR PRADESH', 'UTTARAKHAND']
INFO 2019-05-19 22:15:32,371 views 13104 21004 state_district_tehsil dataframe is ready for states ['CHANDIGARH', 'CHHATTISGARH', 'HARYANA', 'HIMACHAL PRADESH', 'JHARKHAND', 'MAHARASHTRA', 'NCT OF DELHI', 'RAJASTHAN', 'UTTAR PRADESH', 'UTTARAKHAND']
INFO 2019-05-19 22:16:07,826 views 19528 19100 state_district_tehsil dataframe is ready for states ['CHANDIGARH', 'CHHATTISGARH', 'HARYANA', 'HIMACHAL PRADESH', 'JHARKHAND', 'MAHARASHTRA', 'NCT OF DELHI', 'RAJASTHAN', 'UTTAR PRADESH', 'UTTARAKHAND']
INFO 2019-05-19 22:16:28,130 views 15676 18488 state_district_tehsil dataframe is ready for states ['CHANDIGARH', 'CHHATTISGARH', 'HARYANA', 'HIMACHAL PRADESH', 'JHARKHAND', 'MAHARASHTRA', 'NCT OF DELHI', 'RAJASTHAN', 'UTTAR PRADESH', 'UTTARAKHAND']
INFO 2019-05-19 22:17:00,437 views 20764 7544 state_district_tehsil dataframe is ready for states ['CHANDIGARH', 'CHHATTISGARH', 'HARYANA', 'HIMACHAL PRADESH', 'JHARKHAND', 'MAHARASHTRA', 'NCT OF DELHI', 'RAJASTHAN', 'UTTAR PRADESH', 'UTTARAKHAND']
INFO 2019-05-19 22:24:00,445 views 1844 17376 state_district_tehsil dataframe is ready for states ['CHANDIGARH', 'CHHATTISGARH', 'HARYANA', 'HIMACHAL PRADESH', 'JHARKHAND', 'MAHARASHTRA', 'NCT OF DELHI', 'RAJASTHAN', 'UTTAR PRADESH', 'UTTARAKHAND']
INFO 2019-05-19 22:28:53,423 views 14196 19084 state_district_tehsil dataframe is ready for states ['CHANDIGARH', 'CHHATTISGARH', 'HARYANA', 'HIMACHAL PRADESH', 'JHARKHAND', 'MAHARASHTRA', 'NCT OF DELHI', 'RAJASTHAN', 'UTTAR PRADESH', 'UTTARAKHAND']
INFO 2019-05-19 22:41:44,379 views 11020 20572 state_district_tehsil dataframe is ready for states ['CHANDIGARH', 'CHHATTISGARH', 'HARYANA', 'HIMACHAL PRADESH', 'JHARKHAND', 'MAHARASHTRA', 'NCT OF DELHI', 'RAJASTHAN', 'UTTAR PRADESH', 'UTTARAKHAND']
INFO 2019-05-19 22:44:33,686 views 11896 18048 state_district_tehsil dataframe is ready for states ['CHANDIGARH', 'CHHATTISGARH', 'HARYANA', 'HIMACHAL PRADESH', 'JHARKHAND', 'MAHARASHTRA', 'NCT OF DELHI', 'RAJASTHAN', 'UTTAR PRADESH', 'UTTARAKHAND']
INFO 2019-05-19 22:57:50,012 views 10764 18196 state_district_tehsil dataframe is ready for states ['CHANDIGARH', 'CHHATTISGARH', 'HARYANA', 'HIMACHAL PRADESH', 'JHARKHAND', 'MAHARASHTRA', 'NCT OF DELHI', 'RAJASTHAN', 'UTTAR PRADESH', 'UTTARAKHAND']
INFO 2019-05-19 23:00:28,681 views 17920 21172 state_district_tehsil dataframe is ready for states ['CHANDIGARH', 'CHHATTISGARH', 'HARYANA', 'HIMACHAL PRADESH', 'JHARKHAND', 'MAHARASHTRA', 'NCT OF DELHI', 'RAJASTHAN', 'UTTAR PRADESH', 'UTTARAKHAND']
INFO 2019-05-19 23:00:55,167 views 18692 18608 state_district_tehsil dataframe is ready for states ['CHANDIGARH', 'CHHATTISGARH', 'HARYANA', 'HIMACHAL PRADESH', 'JHARKHAND', 'MAHARASHTRA', 'NCT OF DELHI', 'RAJASTHAN', 'UTTAR PRADESH', 'UTTARAKHAND']
INFO 2019-05-19 23:01:49,615 views 18692 20848 OTP succesfully sent : 9990380315
INFO 2019-05-19 23:03:04,260 views 15080 16264 state_district_tehsil dataframe is ready for states ['CHANDIGARH', 'CHHATTISGARH', 'HARYANA', 'HIMACHAL PRADESH', 'JHARKHAND', 'MAHARASHTRA', 'NCT OF DELHI', 'RAJASTHAN', 'UTTAR PRADESH', 'UTTARAKHAND']
INFO 2019-05-19 23:03:52,041 views 15080 9912 OTP succesfully verified and user exist: 9990380315
WARNING 2019-05-19 23:04:13,864 views 15080 9912 OTP verification failed : 9990380315,already_verified
WARNING 2019-05-19 23:05:59,716 views 15080 9912 OTP verification failed : 9990380315,already_verified
INFO 2019-05-19 23:17:16,847 views 20104 524 state_district_tehsil dataframe is ready for states ['CHANDIGARH', 'CHHATTISGARH', 'HARYANA', 'HIMACHAL PRADESH', 'JHARKHAND', 'MAHARASHTRA', 'NCT OF DELHI', 'RAJASTHAN', 'UTTAR PRADESH', 'UTTARAKHAND']
INFO 2019-05-19 23:17:33,336 views 20104 18560 OTP succesfully sent : 9990380315
INFO 2019-05-19 23:18:10,315 views 20104 18560 OTP succesfully verified and user exist: 9990380315
INFO 2019-05-19 23:18:41,991 views 20104 18560 OTP succesfully sent : 9990380315
WARNING 2019-05-19 23:18:59,199 views 20104 18560 OTP verification failed : 9990380315,otp_not_verified
WARNING 2019-05-19 23:19:13,653 views 20104 18560 OTP verification failed : 9990380315,otp_not_verified
WARNING 2019-05-19 23:19:24,017 views 20104 18560 OTP verification failed : 9990380315,otp_not_verified
INFO 2019-05-19 23:22:05,992 views 20104 18560 OTP succesfully sent : 9990380315
INFO 2019-05-19 23:22:29,978 views 20104 18560 OTP succesfully verified and user exist: 9990380315
INFO 2019-05-19 23:29:34,080 views 20104 18560 get user detail : {'mobile': '9990380315', 'first_name': 'Harsh', 'last_name': 'SN', 'gender': 'M', 'dob': '1994-06-13', 'state': 'HR', 'district': 'BH', 'tehsil': 'hodl', 'village': 'Jatoli', 'daily_milk_production': 10, 'milk_type': 'cow', 'number_animals': 4}
WARNING 2019-05-19 23:29:52,354 views 20104 18560 get user detail failed : No MobileUser matches the given query.
ERROR 2019-05-19 23:30:09,089 views 20104 18560 generate OTP API failed: MobileUser matching query does not exist.
INFO 2019-05-19 23:31:48,085 views 12432 16880 state_district_tehsil dataframe is ready for states ['CHANDIGARH', 'CHHATTISGARH', 'HARYANA', 'HIMACHAL PRADESH', 'JHARKHAND', 'MAHARASHTRA', 'NCT OF DELHI', 'RAJASTHAN', 'UTTAR PRADESH', 'UTTARAKHAND']
ERROR 2019-05-19 23:34:31,350 views 12432 5776 generate OTP API failed: MobileUser matching query does not exist.
INFO 2019-05-19 23:43:25,304 views 20028 10868 state_district_tehsil dataframe is ready for states ['CHANDIGARH', 'CHHATTISGARH', 'HARYANA', 'HIMACHAL PRADESH', 'JHARKHAND', 'MAHARASHTRA', 'NCT OF DELHI', 'RAJASTHAN', 'UTTAR PRADESH', 'UTTARAKHAND']
INFO 2019-05-19 23:43:35,482 views 18572 18372 state_district_tehsil dataframe is ready for states ['CHANDIGARH', 'CHHATTISGARH', 'HARYANA', 'HIMACHAL PRADESH', 'JHARKHAND', 'MAHARASHTRA', 'NCT OF DELHI', 'RAJASTHAN', 'UTTAR PRADESH', 'UTTARAKHAND']
INFO 2019-05-19 23:44:14,213 views 17712 8988 state_district_tehsil dataframe is ready for states ['CHANDIGARH', 'CHHATTISGARH', 'HARYANA', 'HIMACHAL PRADESH', 'JHARKHAND', 'MAHARASHTRA', 'NCT OF DELHI', 'RAJASTHAN', 'UTTAR PRADESH', 'UTTARAKHAND']
INFO 2019-05-19 23:46:08,296 views 21128 9308 state_district_tehsil dataframe is ready for states ['CHANDIGARH', 'CHHATTISGARH', 'HARYANA', 'HIMACHAL PRADESH', 'JHARKHAND', 'MAHARASHTRA', 'NCT OF DELHI', 'RAJASTHAN', 'UTTAR PRADESH', 'UTTARAKHAND']
WARNING 2019-05-19 23:46:11,457 views 21128 19092 user creation failed : {'mobile': [ErrorDetail(string='mobile user with this mobile already exists.', code='unique')]}
INFO 2019-05-19 23:48:40,016 views 21128 19092 OTP succesfully sent : 9990380315
WARNING 2019-05-19 23:48:50,724 views 21128 19092 OTP verification failed : 9990380315,otp_not_verified
INFO 2019-05-19 23:49:10,055 views 21128 19092 OTP succesfully sent : 9990380315
WARNING 2019-05-19 23:49:15,241 views 21128 19092 OTP verification failed : 9990380315,otp_not_verified
INFO 2019-05-19 23:49:41,460 views 21128 19092 OTP succesfully verified and user exist: 9990380315
INFO 2019-05-19 23:50:21,829 views 21128 19092 OTP succesfully sent : 9990380315
WARNING 2019-05-19 23:50:28,866 views 21128 19092 OTP verification failed : 9990380315,otp_not_verified
WARNING 2019-05-19 23:50:38,594 views 21128 19092 OTP verification failed : 9990380315,otp_not_verified
INFO 2019-05-20 00:04:37,434 views 17524 9464 state_district_tehsil dataframe is ready for states ['CHANDIGARH', 'CHHATTISGARH', 'HARYANA', 'HIMACHAL PRADESH', 'JHARKHAND', 'MAHARASHTRA', 'NCT OF DELHI', 'RAJASTHAN', 'UTTAR PRADESH', 'UTTARAKHAND']
INFO 2019-05-20 00:06:38,671 views 20716 19620 state_district_tehsil dataframe is ready for states ['CHANDIGARH', 'CHHATTISGARH', 'HARYANA', 'HIMACHAL PRADESH', 'JHARKHAND', 'MAHARASHTRA', 'NCT OF DELHI', 'RAJASTHAN', 'UTTAR PRADESH', 'UTTARAKHAND']
INFO 2019-05-20 00:07:03,496 views 7016 10488 state_district_tehsil dataframe is ready for states ['CHANDIGARH', 'CHHATTISGARH', 'HARYANA', 'HIMACHAL PRADESH', 'JHARKHAND', 'MAHARASHTRA', 'NCT OF DELHI', 'RAJASTHAN', 'UTTAR PRADESH', 'UTTARAKHAND']
INFO 2019-05-20 00:08:47,533 views 20760 12656 state_district_tehsil dataframe is ready for states ['CHANDIGARH', 'CHHATTISGARH', 'HARYANA', 'HIMACHAL PRADESH', 'JHARKHAND', 'MAHARASHTRA', 'NCT OF DELHI', 'RAJASTHAN', 'UTTAR PRADESH', 'UTTARAKHAND']
INFO 2019-05-20 00:08:56,308 views 18268 21172 state_district_tehsil dataframe is ready for states ['CHANDIGARH', 'CHHATTISGARH', 'HARYANA', 'HIMACHAL PRADESH', 'JHARKHAND', 'MAHARASHTRA', 'NCT OF DELHI', 'RAJASTHAN', 'UTTAR PRADESH', 'UTTARAKHAND']
INFO 2019-05-20 00:09:17,045 views 18196 20780 state_district_tehsil dataframe is ready for states ['CHANDIGARH', 'CHHATTISGARH', 'HARYANA', 'HIMACHAL PRADESH', 'JHARKHAND', 'MAHARASHTRA', 'NCT OF DELHI', 'RAJASTHAN', 'UTTAR PRADESH', 'UTTARAKHAND']
INFO 2019-05-20 00:09:41,811 views 18196 17464 OTP succesfully sent : 9990380315
INFO 2019-05-20 00:10:25,573 views 18196 17464 OTP succesfully sent : 9990380315
INFO 2019-05-20 00:10:52,318 views 18196 17464 OTP succesfully verified and user exist: 9990380315
INFO 2019-05-20 00:11:12,616 views 18196 17464 OTP succesfully sent : 9990380315
INFO 2019-05-20 00:11:28,347 views 18196 17464 OTP succesfully verified and user exist: 9990380315
INFO 2019-05-20 00:11:51,886 views 18196 17464 get user detail : {'mobile': '9990380315', 'first_name': 'Harsh', 'last_name': 'Chauhan', 'gender': 'M', 'dob': '1994-06-13', 'state': 'MAHARASHTRA', 'district': 'Ahmadnagar', 'tehsil': 'Kopargaon', 'village': 'JAT', 'daily_milk_production': 10, 'milk_type': 'cow;Buffalo', 'number_animals': 4}
INFO 2019-05-20 00:12:43,409 views 16620 524 state_district_tehsil dataframe is ready for states ['CHANDIGARH', 'CHHATTISGARH', 'HARYANA', 'HIMACHAL PRADESH', 'JHARKHAND', 'MAHARASHTRA', 'NCT OF DELHI', 'RAJASTHAN', 'UTTAR PRADESH', 'UTTARAKHAND']
INFO 2019-05-20 00:12:49,652 views 16620 15192 get user detail : {'mobile': '9990380315', 'first_name': 'Harsh', 'last_name': 'Chauhan', 'gender': 'M', 'dob': '1994-06-13', 'state': 'MAHARASHTRA', 'district': 'Ahmadnagar', 'tehsil': 'Kopargaon', 'village': 'JAT', 'daily_milk_production': 10, 'milk_type': 'cow;Buffalo', 'number_animals': 4, 'mobile_info': ''}
INFO 2019-05-20 00:13:47,934 views 2040 11852 state_district_tehsil dataframe is ready for states ['CHANDIGARH', 'CHHATTISGARH', 'HARYANA', 'HIMACHAL PRADESH', 'JHARKHAND', 'MAHARASHTRA', 'NCT OF DELHI', 'RAJASTHAN', 'UTTAR PRADESH', 'UTTARAKHAND']
INFO 2019-05-20 00:14:05,087 views 2040 19616 OTP succesfully sent : 9990380315
INFO 2019-05-20 00:15:00,216 views 17464 14196 state_district_tehsil dataframe is ready for states ['CHANDIGARH', 'CHHATTISGARH', 'HARYANA', 'HIMACHAL PRADESH', 'JHARKHAND', 'MAHARASHTRA', 'NCT OF DELHI', 'RAJASTHAN', 'UTTAR PRADESH', 'UTTARAKHAND']
INFO 2019-05-20 00:15:06,582 views 17464 19532 OTP succesfully sent : 9990380315
INFO 2019-05-20 00:15:12,246 views 17464 19532 get user detail : {'mobile': '9990380315', 'first_name': 'Harsh', 'last_name': 'Chauhan', 'gender': 'M', 'dob': '1994-06-13', 'state': 'MAHARASHTRA', 'district': 'Ahmadnagar', 'tehsil': 'Kopargaon', 'village': 'JAT', 'daily_milk_production': 10, 'milk_type': 'cow;Buffalo', 'number_animals': 4, 'mobile_info': 'abc'}
WARNING 2019-05-20 00:15:25,358 views 17464 19532 OTP verification failed : 9990380315,otp_not_verified
INFO 2019-05-20 00:15:39,417 views 17464 19532 OTP succesfully sent : 9990380315
INFO 2019-05-20 00:15:44,515 views 17464 19532 get user detail : {'mobile': '9990380315', 'first_name': 'Harsh', 'last_name': 'Chauhan', 'gender': 'M', 'dob': '1994-06-13', 'state': 'MAHARASHTRA', 'district': 'Ahmadnagar', 'tehsil': 'Kopargaon', 'village': 'JAT', 'daily_milk_production': 10, 'milk_type': 'cow;Buffalo', 'number_animals': 4, 'mobile_info': 'abcd'}
INFO 2019-05-20 00:16:03,003 views 17464 19532 OTP succesfully verified and user exist: 9990380315
INFO 2019-05-20 00:16:40,235 views 17464 19532 OTP succesfully sent : 9990380315
INFO 2019-05-20 00:16:56,213 views 17464 19532 OTP succesfully sent : 9990380315
INFO 2019-05-20 00:17:05,180 views 17464 19532 get user detail : {'mobile': '9990380315', 'first_name': 'Harsh', 'last_name': 'Chauhan', 'gender': 'M', 'dob': '1994-06-13', 'state': 'MAHARASHTRA', 'district': 'Ahmadnagar', 'tehsil': 'Kopargaon', 'village': 'JAT', 'daily_milk_production': 10, 'milk_type': 'cow;Buffalo', 'number_animals': 4, 'mobile_info': 'abcd'}
INFO 2019-05-20 00:17:19,050 views 17464 19532 OTP succesfully sent : 9990380315
WARNING 2019-05-20 00:17:25,001 views 17464 19532 OTP verification failed : 9990380315,otp_not_verified
INFO 2019-05-20 00:17:33,165 views 17464 19532 get user detail : {'mobile': '9990380315', 'first_name': 'Harsh', 'last_name': 'Chauhan', 'gender': 'M', 'dob': '1994-06-13', 'state': 'MAHARASHTRA', 'district': 'Ahmadnagar', 'tehsil': 'Kopargaon', 'village': 'JAT', 'daily_milk_production': 10, 'milk_type': 'cow;Buffalo', 'number_animals': 4, 'mobile_info': 'aw'}
WARNING 2019-05-20 00:17:44,955 views 17464 19532 OTP verification failed : 9990380315,otp_not_verified
INFO 2019-05-20 00:18:31,269 views 20584 19756 state_district_tehsil dataframe is ready for states ['CHANDIGARH', 'CHHATTISGARH', 'HARYANA', 'HIMACHAL PRADESH', 'JHARKHAND', 'MAHARASHTRA', 'NCT OF DELHI', 'RAJASTHAN', 'UTTAR PRADESH', 'UTTARAKHAND']
INFO 2019-05-20 00:23:17,519 views 17756 19032 state_district_tehsil dataframe is ready for states ['CHANDIGARH', 'CHHATTISGARH', 'HARYANA', 'HIMACHAL PRADESH', 'JHARKHAND', 'MAHARASHTRA', 'NCT OF DELHI', 'RAJASTHAN', 'UTTAR PRADESH', 'UTTARAKHAND']
